2020-03-09 18:45:22,013 - pyswarms.single.global_best - INFO - Optimize for 1000 iters with {'c1': 0.5, 'c2': 0.3, 'w': 0.9}
2020-03-09 18:46:21,795 - pyswarms.single.global_best - INFO - Optimization finished | best cost: 0.17756850853192643, best pos: [ 1.36010181e+00  1.47673564e-01  1.06673733e+00  5.95395436e-01
  2.93904466e+00  1.21517148e+00  1.20798121e+00  5.15330723e-01
  9.06811790e-01 -3.75004363e-01  1.86745511e-01  1.53643777e+00
  6.99337330e-01  9.09319223e-01  5.06945690e-01  7.00376554e-01
 -9.18801013e-01  4.61024542e-01  1.90695749e-01  9.94898947e-01
  1.06337519e+00  2.78030981e-01  4.59358484e-01  3.92461899e-01
  4.47043266e-01 -1.88124741e+00  6.31183286e-01  1.17615291e+00
 -1.89584741e-01 -2.38901363e-01  2.25281723e-01 -1.02141121e+00
  4.11902809e-01  1.17500255e+00  1.27091931e-01  7.60197158e-01
 -4.42732608e-01  5.73241299e-01 -3.98231557e-01  2.58980416e-01
  1.03824077e+00 -2.27114922e-02  2.02257940e+00  1.00643230e+00
  5.45796893e-01  8.36397079e-01  3.55279383e-02  2.31926467e-01
  1.18084412e+00  2.32998895e-01  8.59394934e-01  6.69538048e-01
  1.31963411e-01  1.05975941e-01 -7.65110213e-01 -2.15500626e-01
  6.06063621e-01  1.13895956e+00  5.51601708e-01  8.64327034e-01
 -1.62604560e-01  1.20928913e+00  3.94781273e-01  1.90228456e-02
  4.46423821e-01  6.12198369e-01  1.05237058e+00  4.60548974e-01
  5.14481278e-01  7.83477892e-01  4.36799217e-01  2.52057800e-01
  2.70605923e-01  5.14327796e-01 -3.22704091e-01 -2.73442919e-01
  8.09213840e-01  1.47326214e+00  4.33275409e-01  4.12200514e-01
  2.59874588e-01  7.54591499e-01  3.77364410e-01  2.59008068e-01
 -6.40834804e-02 -2.14367346e+00  1.43836411e+00 -2.00010944e-01
  9.65249232e-02  3.61861042e-01  5.94714465e-01  5.26422961e-01
  6.38678058e-01  4.66262163e-01  4.44090910e-01  8.59728368e-01
  3.27036194e-02  3.47831473e-01 -7.60407058e-02  4.70650589e-01
  1.11894685e+00  3.53375136e-01  9.74741107e-01  5.16440229e-01
  6.05519014e-01  6.80330827e-01  7.97036439e-01  1.27526381e+00
  9.67467625e-01  1.14809017e+00 -5.34064306e-01 -1.46049637e+01
  1.16822154e+00  2.56870258e-01  1.04763145e+00  9.70393764e-02
  4.76296730e-01  1.40949648e-01 -1.77653654e-01  3.05676188e-01
  9.81210938e-01  9.81035224e-01  4.03818569e-01  1.09733415e+00
  9.63186418e-01  8.12697164e-01 -4.00777155e-01  5.00415574e-01
  5.59982968e-01 -7.58993843e-02  8.27197212e-01  3.86147588e-01
 -2.06231553e-01 -1.21058295e-01  9.57348937e-01  2.23396826e-01
  1.42270385e+00  5.08296563e-01  1.26100569e+00  2.37348194e-01
  3.29085059e-01  4.49220947e-01  3.20309999e-01  1.10970733e+00
 -5.07522971e-01  7.21408652e-01  3.75421323e-01  5.95027282e-01
  1.04411374e+00  4.24435379e-01  3.89344632e-01 -3.08143892e-02
 -4.29821612e-01  1.02497802e+00  6.77474121e-01  6.31553818e-01
  5.39039856e-01  7.49733194e-01  5.26864697e-01  3.30678944e-01
  5.76652788e-01 -1.10697743e-01 -1.93315997e-01  1.02961791e+00
 -3.14108579e-01  3.03574061e-01 -2.01375160e-01  5.12066146e-01
  8.84829463e-01  2.41615357e-01  8.21959366e-02  1.70076576e+00
  8.40321151e-01  6.95851335e-01  2.44313097e-01  6.32231710e-01
 -2.36837515e-01  1.65008329e+00  6.93021734e-01 -1.45953235e-01
  1.23237715e-01  4.51835839e-01  4.12129323e-01  1.10630664e+00
  2.18289727e-01  1.65325101e-01  8.79975865e-01  9.29328052e-01
  5.64769163e-01  3.62782575e-01  1.49792111e+00 -1.69225497e-01
 -2.88325654e-01 -8.83776720e-02  1.86507262e-02  8.28293295e-02
 -1.67284499e-01 -5.01579251e-01  4.19163036e-01 -4.52751997e-01
  1.23295824e+00  5.38401410e-01  5.52443788e-01  3.10048060e-01
  7.65900348e-01  5.58687500e-01  7.37586302e-01 -6.36482749e-01
  1.33934356e+00  7.55660479e-01  8.21047755e-01  6.00045320e-01
  9.86224434e-01 -4.64998076e-01  6.61708000e-01  1.12888744e+00
  4.91781110e-01  5.06392678e-01  7.56961723e-01  1.57113894e+00
  1.80366093e+00 -5.73689358e-01  1.10343889e+00  1.52733541e-01
 -5.20573746e-01 -7.20503171e-02  3.97384563e-01  1.07018700e+00
  5.88801635e-01  1.14942817e+00 -3.13914186e-01  2.07035407e-02
  6.06078775e-01  1.05524092e+00  2.83496100e-01 -4.58058129e-02
  3.58583692e-01 -4.68512687e-02  3.33747915e-01  4.57870195e-01
  1.72995386e+00  1.40845418e+00  1.12739722e+00  2.66090282e-01
  4.69386673e-01  1.44576478e+00  4.88226127e-01  1.30127086e+00
  3.71269641e-01  1.11263759e+00  6.03416030e-01  1.11615724e+00
  3.22428583e-01 -1.42039284e-01 -6.17231322e-02 -1.89721779e-01
  7.28543662e-01  2.84027735e-01  1.25658190e-01  4.85008329e-01
  3.14984520e-01  3.99651944e-01  1.32064051e+00 -7.39370080e-02
  4.95832154e-01  9.95673902e-01  1.17839290e+00  9.52646271e-01
 -3.06452049e-01  3.15827085e-01  4.17804050e-01 -8.15830550e-01
  9.89695387e-01  4.20982747e-01  7.65610813e-01  1.14916314e+00
  8.26980787e-01  2.34735577e-01  3.66665752e-01  4.57891545e-01
  2.11846654e+00 -1.61331921e-02 -6.52008008e-01  1.01469732e+00
  1.09345444e+00  1.22305920e-01  1.64176270e+00  4.79190443e-01
  1.48120159e+00  1.95392918e-01  7.34897362e-01 -1.12277640e+00
  3.04618747e-01  2.13468605e-01  7.28918347e-01  2.25198256e-02
  2.21530300e+00  9.52221566e-01  6.80963260e-01  1.22496190e+00
  9.62441911e-01  6.28387158e-01  6.34722661e-01  7.58994234e-01
  6.06100823e-01  8.07676825e-02  3.94486872e-02  1.94328473e-01
  1.57168423e-01 -4.13130738e-01  8.75842588e-01  1.15206280e+00
 -1.42996715e-02 -5.79429373e-01  1.29889892e-01  8.25058289e-01
 -6.33835948e-01  6.33673064e-01  1.82779748e-01  9.98142796e-01
  7.23328180e-01  3.89635504e-01  1.01244238e+00  4.51760272e-01
  1.03601670e-01  5.80805261e-01 -1.16463986e-01  5.93292968e-01
 -1.42923146e-01 -3.78283815e-01  7.68875955e-02  9.17785732e-02
  4.57946157e-01 -6.69748798e-01  8.05172892e-01 -7.13042990e-01
  8.45547442e-01  6.28696796e-01  8.35425401e-01  3.85868684e-01
 -2.25520684e-01  9.99144171e-02  7.79295092e-01 -1.48454864e-01
  6.80607731e-01  8.08677666e-01  1.30190220e+00  1.20684888e+00
  4.24986719e-01  1.72328430e-01 -4.35199031e-02  3.49161263e-01
  1.69045977e+00  1.46444560e-01  4.86058418e-01  3.77570188e-01
  1.33912491e+00  1.12861011e+00  3.42868191e-01 -2.70909801e-02
  1.07515314e+00  8.03475885e-01  1.67084833e-01 -3.38946761e-02
  4.96607930e-01 -8.24593634e-02  5.28586505e-01  4.76643987e-01
  3.66463345e-01  5.15454597e-01  1.38226897e-01  7.03286714e-01
  5.21666949e-01  6.98905899e-01  7.79476563e-01  2.74870143e-01
 -8.21982274e-02  3.81216864e-01  5.16297011e-01  3.69080986e-03
  1.23906523e+00  8.30477950e-01 -4.10436115e-01  5.74654158e-01
  4.74367407e-01  4.23352415e-01  8.29597333e-01 -4.13743925e-01
  3.49300141e-01  2.39708365e-01  4.51060007e-01  6.39712725e-01
  2.56546114e-01  1.38587097e+00  2.27209689e-01 -9.49042720e-02
  8.77522967e-01  5.98876083e-01  8.57032579e-01  9.07687907e-01
 -1.33372027e-01  9.66899346e-01  9.12640252e-01 -9.58134227e-02
  2.69465360e-01  9.29139891e-01  1.15561935e+00  3.97272008e-01
  4.11804916e-01  7.70448027e-01  7.84204101e-01  3.94698321e+00
  3.45642926e-01  5.09035183e-01 -3.81640669e-01  1.73140776e+00
  5.98731310e-01  1.23542653e+00  5.12543491e-01  9.87258634e-01
  3.51681609e-01  2.93215883e-01  5.23139429e-01  8.19419644e-01
  2.52789029e-01  9.73833187e-01  7.39343931e-01  1.08979436e-01
 -3.74298706e-02  1.19468220e+00  6.99721283e-01  2.63165990e-01
  9.02450200e-01 -5.35375717e-01 -1.33116707e+00  1.85130218e-01
 -3.11248466e-01 -1.43005165e+00  2.96726020e-01  2.02962703e-01
  1.72999962e-01  7.02252780e-01  6.10691822e-01  4.77370042e-01
  1.85363317e-01  1.15707344e+00 -7.18370616e-02  9.35936994e-01
  1.29067121e+00  6.55157505e-01  1.72812523e+00  5.37966553e-01
  5.13447554e-01  1.15225256e+00  4.00640984e-01  9.39136178e-01
 -5.62234082e-01  4.03437844e-01  6.13405526e-01  8.85494906e-03
  9.27325401e-01  1.31894222e+00  1.31508876e+00 -2.04542319e-01
  1.33393790e+00 -7.66591772e-01 -4.07157691e+00  1.91862816e-01
  3.63955426e-01  5.61042270e-01  5.63714838e-01 -4.40451055e-01
  2.09257084e+00  7.01098561e-01  4.15554261e-01 -1.28826027e+00
  1.14486147e+00  7.22568812e-02 -1.38932088e-01  9.23397725e-01
  3.40666504e-01  2.83288367e-01  1.10640888e-01  1.92358557e-01
  8.09453388e-02  5.65649307e-01  3.28669507e-01  8.12365442e-01
  8.61364892e-01  2.97893774e-01  6.03229197e-01  4.19563760e-01
  1.20855577e+00  2.68576259e-01  2.17542807e-01  1.20207125e+00
 -1.43567871e-01  3.74490640e-01  4.89546737e-01  8.34957424e-01
 -4.26875564e-02  1.15517448e-02 -5.16844040e-01  4.71792726e-01
  2.15505058e-01  1.59964014e-01  1.34201754e-01 -1.45242056e+00
  7.08984104e-01  8.11319781e-01  3.87360022e-01  1.48676068e-01
 -8.61717289e-01  1.48251300e+00  2.12554886e-01  1.04944621e+00
  4.60864155e-01  4.44601521e-01  3.35852434e-01  1.98873445e-01
  9.65831008e-01  8.90903585e-02  4.49685093e-01 -2.86806139e-01
  7.38520068e-01  5.63583221e-01  2.47508423e-01 -4.22667335e-02
 -7.18585402e-02  9.37100776e-01  5.54939099e-01  9.45581490e-01
  2.55848488e-01  4.30452596e-01  4.96762663e-01  1.41424766e+00
  1.17405626e+00  6.36590453e-01  8.49856202e-01  5.19420169e-01
  4.16960279e-01  7.50865678e-01  9.38276707e-01  1.38000795e+00
  1.00689027e+00  2.51527376e-01  8.34381313e-01 -2.60369940e-01
  1.15618556e-01  9.12693342e-02  7.03525963e-01  6.30701986e-01
  1.02221411e-01  5.99113152e-01  1.49613510e+00  1.09777956e+00
  1.18299159e-01 -4.41573811e-01 -3.67557375e-01  2.82610833e-01
  3.92644257e-01  1.61929983e-01  5.10909966e-01 -7.61340580e-01
  1.94044602e-01  3.15150747e-01  7.61739593e-01 -1.02175114e-01
  1.30893112e+00 -3.20362922e-01  5.18437177e-01  8.83954175e-01
  9.00798213e-01  5.82078784e-01  7.16990164e-02  1.16906482e+00
  4.68017816e-01  5.65074514e-01  6.66058007e-01  4.02420642e-01
  1.05790024e+00  8.00138933e-01  3.11874601e-01  5.09076865e-01
  2.76132273e-01  6.58014094e-01 -2.05116601e-01  1.13665023e+00
  2.42091115e-01  6.00075648e-01 -2.43236464e-02  5.45517090e-01
  1.30989013e+00  5.71067149e-01  8.16172259e-01 -2.79331697e-01
 -4.50360807e-01  2.44960010e-01  1.97151383e-01  5.13444702e-01
  4.25593075e-01  3.02124935e-01 -3.51996000e-01  5.38708294e-01
 -3.75617939e-02  4.71416653e-02  8.57023531e-01  1.82049822e+00
 -9.73070172e-02 -7.22454702e-01  1.32339032e+00  1.34294461e+00
  5.80600053e-01  1.21987901e-01  5.24019123e-01  8.96362495e-01
  9.13080105e-01  1.59200880e+00  6.81653570e-01  1.07337145e+00
  2.89006890e-01  5.96298760e-01  9.95122629e-01  6.65642766e-01
  2.46165929e-01  4.02133630e-01  1.71482564e-01  1.85612391e+00
  1.41818412e+00  1.54070949e-01 -1.93128491e-01  1.18548426e+00
  5.78897078e-02 -7.08996241e-01  1.36357715e-01  7.14063639e-01
 -2.81591706e-01 -6.56513850e-01  9.05454032e-01  1.23104682e+00
  9.42630209e-02  5.78416169e-01  4.05439386e-01  1.73656992e+00
  6.18603892e-01  5.72963233e-01  6.57829472e-01 -1.28837590e-01
  7.52460061e-01  4.74873090e-01  7.14428102e-02  1.10906523e+00
  4.46584451e-01  4.45570179e-01  8.23035067e-01  5.28409282e-01
  1.04995571e-01  8.19465971e-01  1.79588820e-01  7.30939361e-01
  7.40348222e-01  4.81937238e-01]
2020-03-09 18:48:57,461 - pyswarms.single.global_best - INFO - Optimize for 10 iters with {'c1': 0.5, 'c2': 0.3, 'w': 0.9}
2020-03-09 18:48:58,020 - pyswarms.single.global_best - INFO - Optimization finished | best cost: 0.48251660067752844, best pos: [ 5.53629272e-01  9.26755012e-01  7.53693311e-01 -1.69718520e-01
  8.25577012e-01  7.59403301e-01  8.67635052e-01  1.23061271e+00
  6.12720004e-01  7.48793799e-01  3.21166541e-01  4.23381058e-01
  5.89495986e-01  5.17717020e-01  7.54949952e-01  3.26561487e-01
  7.42446598e-01  4.10551804e-01  8.29354310e-01  5.60618928e-01
  1.57828459e+00  1.25669888e+00  6.64897945e-01  2.69771331e-01
  5.86709471e-01  5.48093270e-01  1.21167288e+00  9.88905635e-01
  6.08315424e-01  6.61773466e-01  1.05456746e+00  8.22895872e-01
  2.65294723e-01  7.03582451e-02  6.48289817e-01  1.90740121e-01
  4.65366929e-01  1.18172726e-02  1.25808435e+00  4.31526008e-01
  7.38773519e-01 -1.30922032e-01  2.06525983e-01  4.94299062e-01
  3.29030238e-01  5.90972532e-01  1.14388214e+00  6.35881870e-01
  4.58154160e-01  1.07702444e+00  5.47896815e-01  9.28702873e-01
  6.58112543e-01  6.10641529e-01  4.06217698e-01  1.09966297e+00
  5.12111531e-01  7.15994142e-01 -2.73231026e-01  1.27810763e+00
  4.73636108e-01  6.34880661e-01  5.53417501e-01  9.10033108e-01
  2.45482302e-01  3.18546572e-01  5.61560263e-01  3.69870300e-01
  3.89546506e-01  6.80627552e-01  7.51306506e-01  4.13684164e-01
  8.11559435e-01  6.67480076e-01  4.66981165e-01  4.87737071e-01
  5.04226996e-01  8.89163296e-01  1.69585783e+00  9.53095240e-01
  7.65848628e-01  8.31063614e-04  3.19556016e-01  5.80187059e-01
  6.86210928e-01  9.39719013e-01  6.41814631e-01  1.13477900e+00
  3.98529642e-01  9.53750454e-01  1.10551204e+00  8.71469038e-01
  4.84481591e-01  6.82679868e-01  3.58598280e-01  1.12980621e+00
  7.42568264e-01  1.20899993e+00  5.33023191e-01  2.17499281e-01
  6.52969140e-01  1.01464280e+00  4.72965433e-01  1.27575858e+00
  1.06353278e+00  1.56243828e+00  9.70216524e-01  7.76936207e-01
  5.48756926e-01  5.40614547e-01  2.42393571e-01  4.52232935e-01
  3.76529883e-01  1.50534803e-01  1.07296700e+00  5.25448183e-01
  7.52088504e-01  6.48626566e-01  1.18693364e+00  9.50430069e-01
  7.73207798e-01  3.08911694e-01  6.38802911e-01  6.72590196e-01
  9.32575548e-01  1.34707946e-01  5.81730312e-01  5.73359781e-01
  3.23948920e-01  6.79624488e-01  1.30607274e-01  7.55281804e-01
  5.35837506e-01  5.98834869e-01  6.98482474e-01  4.61026044e-01
  7.85395694e-01  5.91823959e-01  4.98731028e-01  9.84949514e-01
  1.50817595e-01  1.07496385e+00  6.25975470e-01  4.69866407e-01
  9.19109426e-01  3.70961242e-01  1.43295181e-01  4.09424401e-01
  4.81002612e-01  1.16883280e-01  2.25596262e-01  1.01646422e+00
  7.94550869e-01  1.16289184e+00  5.05422904e-01  6.92909538e-01
  4.67209143e-01  5.15973648e-01  4.37942149e-01  6.19713946e-01
  7.80998408e-01  6.09314344e-01  3.37044240e-01  7.42479413e-01
  9.66388326e-01  1.64194425e-01  6.34803765e-01  3.24276778e-01
  6.00999562e-01  1.93558994e-01  1.35928179e+00  5.65800324e-01
  3.06600414e-01  2.75046569e-01  8.99163447e-01  7.61375493e-01
  1.20259191e+00  5.85566688e-01  5.14549284e-01  2.06687330e-01
  7.00725665e-01  5.11412919e-01  1.01611867e+00  6.38025765e-01
  2.53748662e-01  4.15561664e-01  5.45654708e-01  1.35853469e+00
  1.13973658e+00  3.58651092e-01  6.38552246e-01  3.95132202e-01
  6.89134288e-01  1.09320610e+00 -7.65681722e-02  5.88471302e-01
  5.74627958e-01  1.01909910e+00  8.20139500e-01  4.84958162e-01
 -2.03179313e-01  7.04124210e-01  2.31559461e-01  3.03503420e-01
  6.89071489e-01  3.05413767e-01  4.25796060e-01  8.64007422e-01
  3.66412126e-01  4.83838881e-01  9.81820353e-01  5.81017828e-01
  1.05628991e+00  5.41580517e-01  1.01375721e+00  1.01877422e+00
  7.24082811e-01  2.92762050e-01  5.25548564e-01  6.67597528e-01
 -6.34756793e-02  3.89746068e-01  3.72986642e-01  1.09564938e+00
  4.98753689e-01  3.09483530e-01  2.76811772e-01  2.17439778e-01
  3.43051492e-01  2.69815166e-02  6.30719700e-02  2.52922409e-01
  8.76976828e-01  8.29205708e-01  6.51115806e-01  6.24940026e-01
  9.93276759e-02  1.33520818e+00  4.22248843e-01  7.72054879e-01
 -6.29238100e-02  7.00402648e-01  7.14745756e-01  5.04384995e-01
  1.34709416e+00  7.72373586e-01  4.61396110e-01  9.08973069e-01
  8.11002760e-01  6.43139139e-01  9.51567450e-02  6.06020954e-01
  5.48949600e-01 -1.55260423e-02  6.59244506e-01  9.92547727e-01
  4.58955043e-01  6.20757317e-01  8.35117139e-01  5.04508368e-01
  9.25882426e-01  8.84220821e-01  7.08518779e-01  4.61235174e-01
 -9.76443344e-02  7.34607411e-01  1.93926643e+00  4.06033168e-01
  1.36272710e+00  6.59509383e-01  6.78552146e-01  4.39858434e-01
  7.17439760e-01 -1.77488358e-01  4.77899500e-01  4.19739015e-01
  4.61978538e-01  1.54778431e-01  9.62009003e-01 -3.71818525e-02
  8.96685400e-01  7.73547452e-02  1.97863750e-01  8.70572186e-01
  3.49204329e-01  5.18675226e-01  3.74549605e-01  9.00866312e-01
  7.24846721e-01  4.66269717e-01  5.77223115e-02  5.96976911e-01
  5.56536409e-01  5.73491306e-01  6.52152400e-01  8.97682312e-01
  6.69424923e-01  3.76611546e-01  5.23006242e-01  7.55714676e-01
  1.16251252e+00  4.54343162e-01  9.93946229e-01  3.51956942e-01
  6.97295283e-01  3.28400739e-01  5.78471709e-01  8.51403851e-01
  2.20578642e-01  2.46618240e-01  6.34585738e-01  3.31154530e-01
  3.77099407e-01  1.20308927e+00  3.17796089e-01 -3.30252228e-02
  5.18584061e-01  4.49614928e-01  3.81845446e-01  7.18332005e-01
  1.27559967e+00  7.27548110e-01  1.28933028e-01  1.77591034e+00
  7.40912468e-01  5.28695077e-01  1.34730521e+00  5.19901011e-01
  5.05968817e-01  5.88419402e-01  7.62868336e-01  5.20281525e-01
  7.39858996e-01  4.07890975e-01  4.56066195e-01  1.14053558e+00
  3.83213374e-01  8.01339763e-01  6.78117340e-01  4.95628746e-01
  8.17844805e-01  2.33461530e-01  6.06461913e-01  1.64486135e+00
  6.29328362e-01  4.25442365e-01  6.61061989e-01  3.85558772e-01
  7.03650956e-01  6.35840634e-01  1.04550436e+00  6.00389111e-01
  4.65113859e-01  1.08940876e+00  1.51728572e-01  5.36470629e-01
  6.97382983e-01  1.90260948e-01  4.67027009e-01  1.08310679e+00
 -2.37008757e-02  3.08947985e-01  7.08099198e-01  4.58323727e-01
  6.33541651e-01  5.36310920e-01  3.90793326e-01  1.89308716e-01
  4.78217201e-01  9.74475358e-01  3.08170759e-01  2.75267444e-01
  7.58561997e-01  5.50948157e-01  6.83841576e-01  2.89556173e-01
  3.96428969e-01  3.80634319e-01  2.74004684e-01  2.18691230e-01
  1.02722579e+00  1.36643072e+00  2.98984903e-01  3.61337431e-01
  5.07579388e-01  2.40662632e-01  1.14401735e+00  2.53530414e-01
  4.68922184e-01  2.87413789e-01  3.25569763e-01  1.39087770e-01
  3.27133896e-01  3.27366325e-01  4.67945636e-01  4.99003432e-01
  5.82066434e-01  5.53705000e-01  7.95737923e-01  6.88457125e-01
  3.23803535e-01  7.21040033e-01  6.93012928e-01  5.06426342e-01
  5.43168276e-01  1.06720844e+00 -9.91322167e-02  1.09690570e+00
  1.07784097e+00  4.27626230e-01  8.58136256e-01  2.44550265e-01
  3.64723480e-01  3.39575971e-01  6.16113475e-01  5.46474372e-01
  1.31118854e-01  6.75678731e-01  1.95944306e-01  1.07718570e+00
  3.90679760e-01  2.26850013e-01  2.63457416e-01 -9.89880695e-02
  1.19361544e+00  2.05587258e-01  1.56288171e-01 -7.99432024e-02
  9.80409644e-02  7.65578770e-01  5.21495695e-01  2.64970072e-01
  2.14063823e-01  3.96156960e-01  6.13835214e-01  2.51706089e-01
  4.99268661e-01  8.02552301e-01  1.03058546e+00  5.05964583e-01
  2.11873006e-01  2.31644852e-01  5.15375898e-01  8.71871715e-01
  1.08499697e+00  5.28844689e-01  2.91482323e-01  8.80039279e-01
 -3.08571053e-03  9.12701614e-01  8.83766972e-01  6.97265929e-01
  5.11255659e-01  5.67572059e-01  1.15612878e+00  7.35334274e-01
  6.78308636e-01  8.69263355e-01  5.70822372e-01  1.62815230e-01
  1.01886523e+00  4.70737209e-01  5.40663867e-01  4.26146756e-01
  1.60495383e-01  1.32013719e+00  8.69465019e-01  5.73591205e-01
  3.85100009e-01  4.49585839e-01  4.74639897e-01 -5.61971017e-01
  1.19656379e+00  5.81081651e-01  4.37718253e-01  4.82298504e-01
  1.07553313e+00  2.39935609e-01  6.71314737e-01  2.14951777e-01
  4.95989566e-01  8.57626253e-01  5.78730354e-01  6.99853009e-01
  6.18283339e-01  5.93728239e-01  6.97213771e-01 -5.53495928e-02
  5.04327166e-01  2.62667623e-01  1.26858349e+00  2.56615565e-01
  9.85694272e-01  2.33622328e-01  6.85050426e-01  4.21867694e-01
  7.05866620e-01  1.13072813e+00  1.16168251e-01  8.02293023e-01
  9.90787674e-01  3.72167878e-01  6.20771154e-01  6.38124470e-01
  4.05436558e-01  4.16324643e-01  6.46531436e-01  5.64716983e-01
  2.85442085e-01  7.75821591e-01  5.65276008e-01  9.67065410e-01
  7.05894689e-01  7.68138683e-01  7.68797793e-01  1.76425825e-02
  9.24129491e-01  3.55636305e-01  1.08626340e+00  6.46225874e-01
  9.16345319e-01  6.49001533e-01  2.80719464e-01  5.30407930e-01
  3.34473154e-01 -2.22059035e-02  6.26938047e-01  4.06357049e-01
  1.17675669e+00  7.08288927e-01  6.71519298e-01  5.65466922e-01
  9.11536188e-01  6.17766044e-01 -7.36302447e-02  1.20357932e+00
  1.98412971e-01  3.18837079e-01  2.55651496e-01  2.78007541e-01
  1.06137800e+00  4.67493528e-01  7.55498902e-01  2.48188176e-01
  9.35180947e-01  4.28211273e-01  6.44791647e-01  9.77896019e-01
  2.01022008e-01  6.23871045e-01  4.23317599e-01  5.01654946e-01
  8.04227310e-01  6.36400755e-01  6.42971104e-01  6.19129329e-01
  4.04625938e-01  1.03115379e+00  5.62767608e-01  8.07683815e-01
  5.57217419e-01  1.18580656e+00  4.02394063e-01  5.05448624e-01
 -6.32969982e-02  1.30186749e-01  1.01801203e+00  6.89019446e-01
  6.98040502e-02 -3.96470056e-02  3.49303792e-01  7.56524387e-01
  1.64921843e-01  7.10441662e-01  5.10514837e-01  1.09826306e+00
  4.57080550e-01  1.48623246e+00 -1.90538071e-02  9.62711844e-01
  3.88004714e-01  3.13693673e-01  1.25932458e+00  8.47547471e-01
  1.66987412e+00  5.87139810e-01  4.42694165e-01  7.67793729e-01
  1.18723596e-01  6.43972869e-01  8.39506763e-01  2.97534908e-01
  2.65117441e-01  3.94981322e-01  7.72967787e-02  4.42204116e-01
  2.97955565e-01  7.18195375e-01  4.44754260e-01  4.98730502e-01
  7.35054002e-01  6.81831554e-01  2.16372585e-01  6.40735927e-01
  2.97811047e-01  7.95734860e-01  1.13634227e+00  5.96760942e-01
  9.07357631e-01  3.07202885e-01  5.09433576e-01  4.68807345e-01
  1.17728430e+00  9.76733129e-01  1.20642981e-01  6.73979014e-01
  5.45140855e-01  1.38052512e+00  5.15456824e-01  8.14595373e-02
  3.78420689e-01  1.22375513e+00  7.96036468e-01  1.10275967e+00
  4.19464658e-01  4.75238203e-01  5.92527623e-01  9.06273652e-01
  5.22665466e-01  3.81421943e-01  1.92785189e-01 -3.32752224e-01
  1.22825121e+00  2.99024107e-01  9.65064985e-01  1.20320498e+00
  3.18208509e-01  1.97237001e-01  6.36784292e-01  1.03170848e+00
  1.40384397e+00  9.81937556e-01  4.40641494e-01  1.08050564e+00
  4.77282443e-01  1.50785213e+00  1.15913209e+00  1.96604146e-01
  5.28852409e-01  4.11035274e-01  3.96473053e-01  7.87189982e-01
  5.00748046e-01  1.67539919e-01  3.51560454e-01  7.12215809e-01
  7.46906255e-01  1.31971863e+00  9.51816983e-01  6.34940988e-01
  3.31095905e-01  3.47940798e-01]
2020-03-09 18:53:40,146 - pyswarms.single.global_best - INFO - Optimize for 10 iters with {'c1': 0.5, 'c2': 0.3, 'w': 0.9}
2020-03-09 18:53:40,735 - pyswarms.single.global_best - INFO - Optimization finished | best cost: 0.4652491954238515, best pos: [ 1.17069537  0.18082854  0.1799126  -0.5271334   0.93629501  0.29694701
  0.80077923 -0.55545396  1.51206815  0.93134032  0.92074043  0.30534648
  1.3586674  -0.04263292  0.51968596  0.86375696  0.67764515  1.35720063
 -0.25419413  1.31888708  1.08530387  2.03159171  0.54061243  0.32663815
  2.63933223  0.30461276  0.70838548  0.97238503  0.23762722  1.30840867
  0.82419857  0.30746824  1.23610932  0.88767087  1.08792678  0.76449613
  1.1557693   2.15626712  0.05965564 -0.61739576  0.80510324  0.37608829
  1.32492359  0.28486734  0.88432959  1.86407829  1.53051233  1.03977269
  1.07920847  0.40680147  1.02727115  2.20350893  0.96385066  0.73013475
  0.63893517  1.47850816  1.21069207  0.66541345  0.52442855  1.12790071
  1.86741289  0.56804676  1.02297434  0.57941503  0.35116628  1.47902906
  1.1961785   0.23285408  1.03243106  1.02608498  0.82757989  0.42835654
  0.33360465  0.12295463  1.21704347  1.60165218  0.72176559  1.39959955
  0.6670306   0.48742152  0.27795715  1.00714894  1.55475828  0.73639598
  0.51268854  0.50721551 -0.28940942  1.27917536  0.85188788  0.15862096
  1.09919547  0.07938237  0.96588664  1.5128399   0.72927308  0.31454348
  0.565488    0.35624176  0.51744803  1.56689191  0.26981551  1.23490099
  0.90053039  1.31779129  0.8473974   1.25490152  0.57468594  1.40629635
  1.43389505  0.90762437  0.73422722 -0.10914678 -0.09742905  1.26542677
  0.45668768  1.45887904  0.87084052  0.65297613  0.09884671  0.39345455
  1.84393384  1.20279288  0.44828979  1.34616452  0.78035585  0.70618683
  1.2471269   1.51679951 -0.14651256  0.98841513  0.78968173  0.31301683
  0.63577149  0.93044512  0.31237376  1.32661119 -0.381443    0.95745805
 -0.53571034  0.87422679  0.97579714  1.47276385  0.53267588  0.24465831
  0.96386708 -0.16281444  0.84955029  1.45524292  1.17366744  1.51395041
 -0.65950671  1.40083317  0.81071218  0.995437    0.1056278   0.10708361
  0.36550776  0.40570277  0.11159976  0.88190991  1.60380875  0.26564742
  1.61660137  1.39698496  0.22965931  0.88370673  0.27431811  0.14572754
  0.46503436  0.24795762  0.04352275  0.3978844   0.77779052  0.26150224
  0.54746484  0.70816597  0.0857176   0.731627    0.90471426  0.63333337
  0.23945251  0.3534778   1.81304824  0.66429574  0.13306979  0.45969242
  0.48777835  0.97586495  0.40669659  0.78028155  0.31844812  0.84646535
  0.88562414  0.20111544  0.09082234  1.50605623  0.51203084 -0.11153169
  0.34344392  0.73670983  0.6807557   1.25205914  0.35692499 -0.41440086
  1.26029718  0.39151456  0.96679868  0.35185389 -0.52282838  1.37475551
  0.0744191   0.96508732 -0.11712506  0.31105164  0.83807436  0.74728859
  0.2942855   0.67510817  1.23690309  1.16498163 -0.02309712  1.07494714
  0.83462433  0.66631988  1.18465834  0.09719071 -0.13679786  1.3406203
  1.58182848 -0.40377439  0.27725386  0.32909314  0.33155666 -0.09774253
  1.12732278  0.95181507  1.15159051  0.64482872  0.83184472 -0.38981217
  1.46103001 -0.0352853   2.18774377  0.84391416  1.02784242  0.62019817
  0.37383507  1.00565138  0.86152739  0.37433808  0.53775572  0.42560933
  0.31140127 -0.6139005   0.34152251 -0.1240907   0.33689935  0.88775889
  0.98454143  0.91995208  0.51542738  0.93180616  0.60286493  0.22617711
  0.9167868   1.38000292  0.38482734  0.45209979  0.83022599  1.61932527
  0.52417042 -0.26922048  1.59852585  0.89708775  1.34157819  1.59178919
  0.28774426  0.68133967  1.40367212  0.68947744  0.96474547  1.1618659
  0.04168029  0.03672143  1.0225887   0.93500433  0.85423571  1.09515258
  0.53654017  0.48672316 -0.04280182  1.07176909  0.92030978  1.49428064
  1.31074615 -0.40897574  2.25757963  0.61945837  1.34737578  0.80554603
 -0.04088812 -0.01306402  0.87329295  1.522412    0.94896724  0.40491669
  1.32444293  0.30916677  0.56447565  0.70556772  0.9258132   0.42846022
  0.9993313   2.02432795  0.58388587 -0.13135516  1.87482335  0.56167566
  0.92854463  1.78496613  0.63773906  1.37608083  0.95970777  0.22457882
  0.21943564  0.64275324  0.92572026  0.66980449  1.08939128  1.84431448
  0.81886667  1.04035095 -0.21381707  0.0681203   0.56622716  1.09690442
  0.76702586 -0.18371307 -0.25375696 -0.19669011  0.66226397  1.30510098
  1.3057519   0.43278656  0.70505205  0.98879736  1.40084927 -0.67494958
  2.54141488  1.38952414  0.43815802  0.368495    1.02014871  1.36975335
  1.1960898   1.32136381  0.47253342 -0.28738204  0.61587462  1.00095116
  1.17643928  0.96225696  1.19715479  1.03958561  0.87258838  0.72321626
  1.60894139  1.21179617 -0.90404676  1.30479064  0.62656078 -0.48884298
 -0.06675243  0.88740767  0.94873012  0.74134847  0.83062794  0.61882784
  0.37174821  0.9192439   0.79279873  1.52468176  0.65141046  1.89656804
  0.777457    0.66470718  0.56517868  0.76094671  0.2689403   1.66828723
  0.93889797  0.05661276  0.93866963 -0.0586906   1.23963213  1.10543196
  1.7174424   0.57533157 -0.05202636  0.70799315  1.86576856 -0.72905362
  0.53598811  1.8636823   1.60254957  0.54486259  1.47801887 -0.82970444
 -0.10011518 -0.54279742  1.12454815 -0.41415716  1.40896801  2.30109011
 -0.59223094  0.11655505  1.90999788  0.42997816  0.74127654  0.51893971
  0.23379504  1.01696657  0.68023733  0.97884091  0.72413174  1.44620741
  0.19564529  0.83903331  1.16555689  0.22119385  0.79770246 -0.40918206
  0.55351796  1.75409915  0.12782727  0.35884463  0.48311506  1.17207687
  1.76700336 -0.04634592  1.38479466  1.25941235  0.66647883  0.96278754
 -0.4832941  -0.03584455  0.83089342  0.39008581  0.28409363  0.41016102
  1.20040008  1.19552237  0.37837176  0.95238596  0.46212757  0.70653682
 -0.00344571  1.19867363  0.77101834  1.02566456  0.41608767  0.18790078
  1.01635216  0.37727694  1.1736033   0.8143362   1.51946373  0.72752023
  0.11879738  0.48628083  0.88044163  1.43430562  1.79289496  1.18004911
  0.54768822 -0.04392444 -0.20559338  2.24852692 -0.76513685  1.20400853
  1.20745362  0.97102027  0.30747756  0.95915602  1.44662238  0.951133
 -0.01757124  0.61429966  0.74605832  1.32005427 -1.15081634  0.83212262
  0.50010321  0.099996    0.51301564  0.40645469  1.11117884  1.38417245
  1.00842353  1.08614855  0.59394565  1.9669367   1.39976962  0.74839612
  1.15678932  1.0541182   1.9336644   0.57424115  0.7005761   1.59601979
  1.19754178  0.66583184 -0.17190677  1.62712103  0.89025735  0.49261047
  0.5717361   0.40128377  0.49487375  0.66330638  0.6807057   0.7604535
  0.8063956   1.00178407  0.87678116  1.64786582  2.19770719  1.34411414
  0.42922909  0.26576174  0.8348116   1.49319061  0.61756708  0.80815835
  0.79336238  0.53638502  0.31531986  0.88279398  0.78831173  1.2999728
 -0.19679138  1.82838537  0.55689409  0.84192674  1.24149461  0.55264595
  0.41347169  0.38382216  0.34797815  0.43309649  1.29963009 -0.08543499
  0.59970557  1.3271143   1.14191217  0.90881531  0.27161958 -0.43287937
  0.51957822  0.46308151  0.08033336  1.09079216  1.02077327  0.47848308
  0.38054583  0.46088483  0.96697381  1.09154112  0.99424202  1.68848636
  1.15551497  1.49888653  0.83955213  0.48577135  1.30798989  0.8882435
  0.72471203  1.22215172  1.01073642  0.96047964  0.87703431  1.66514914
  1.9890833   0.86945759  0.76121166  0.97897906  1.11950319  0.63246274
  0.09858743  0.77741281  0.52888047  0.31876335  0.72219976  0.79377852
  0.14269612  0.25369958  1.10026228  0.72870922  0.44845863  0.61697709
  0.79716702  0.79086376 -0.07941555  0.06866703  0.32723058  0.76320146
  0.0826988   0.58663463  1.49603558 -0.52544758  1.3921871   1.87425195
  0.92508663  1.02281234  0.6786983   0.25401971  1.21007587 -0.64945127
  0.01087016  0.55245574  0.69371417  0.82000081  1.05361711  1.72435863
  1.45337832  0.83768134  0.56718516  0.21391938  1.73522109  0.97187767
  1.08050361  0.45739832  1.39460759  1.71542045  0.07473569 -0.31468646
 -0.24135529  1.52772641  0.183148    0.34204766  0.35424833  1.00266962
  0.29418322  0.2403623   0.21351428 -0.32326272  0.88545548  0.76303189
  0.63091357  0.97409332  1.79737182  0.84459796  0.57077538  0.19181078
  1.11669979  1.10916084  0.18419166  1.41794918  0.58340409  0.95505244
  0.78321173  0.38358238]
2020-03-09 18:53:52,312 - pyswarms.single.global_best - INFO - Optimize for 10 iters with {'c1': 0.5, 'c2': 0.3, 'w': 0.9}
2020-03-09 18:53:52,873 - pyswarms.single.global_best - INFO - Optimization finished | best cost: 0.39655646233658104, best pos: [ 1.01691581  2.31773202  0.72122128  1.80238538  0.67619839  1.07180951
 -0.12470504  1.30996254  1.27620484  1.85596054  0.83489796  1.70887988
  0.49348082  1.68478897  0.74729694  0.83649065  0.66532018  0.48652839
  1.46023218  1.16369111  1.71480506  1.3798062   0.88159246  1.36641062
  1.94549962  1.28406406  1.29731934  1.50364695  2.36886539  1.96569413
  1.80222307  1.50170089  1.73172192  0.66956128  2.50447485  0.079213
  0.17853804  1.05261786  1.87055526  0.81587701  0.41459026  2.37641388
  1.12259046  1.26981532  1.1593589   2.07005952  1.74402925  0.77439512
  1.50981463  0.33034631  2.37109613  0.80663509  1.00676664  0.13421308
  0.42584972  2.23403402  0.29317465  2.13797474  0.713806    1.20217884
  1.46138328  0.07997498  0.5761754   0.54438029  0.91265402  1.19870698
  1.89319811  0.84995564  1.00909246  0.37800173 -0.32782374  1.0049844
  1.64194212  2.5804789   2.09970183  1.12935939  1.71033256  0.43583042
  0.57064938  0.74468504  1.6790468   1.45595174  0.34499397  1.28646627
 -0.43800174  2.4265138   0.79650291  0.60994523  1.02369324  1.73943942
  0.15102875  1.24058788  1.37273261  1.9093783   1.88691657  1.23811004
  1.83356827  1.97407233  2.23081636  2.28641187  1.33755546  1.94527658
 -0.3797454   1.03228887  0.66751486  1.37403517  1.54566797  2.0832974
  0.74696265 -0.3771725   0.66573407  1.38067741  0.83358324  0.31045683
  0.86211713  1.15505662  1.95142405  1.42983614  1.96357734  0.51528835
  1.29724355  1.8793532   0.35106089  1.84332249  1.68674222  1.72492317
  0.24761849  1.26860681  0.90540728  2.16957773  0.84536654  1.17973122
  0.99111607  2.09699805  0.16353149 -0.14823221  1.50747414  1.79528474
  0.5735992  -0.29997195  1.78821161  1.40063006  1.04950451  1.55587547
 -0.36106187  1.74632715  0.55387     1.85454435  1.22491633  0.9642039
  1.51430097  0.57905659  0.25110478  1.11789257  0.17886247  1.62676653
  0.121298    1.25894823  1.28711235  1.49147017  0.56979453  1.74776201
  0.08166124  0.16534672  0.33372862  0.13276706  0.67465337  0.93545355
  1.51419958  0.8654856   1.86922511  0.69263082  1.15102637  1.06027385
  1.23762702  0.30544235  0.89648525  1.06825476  1.24145985  1.64669807
  0.43119571  1.10920192 -0.04075677  1.11489345  0.84898318  0.62970663
  0.03256765  0.18006274 -0.03431548  1.42176603  1.16615163  0.55955846
 -0.14466366  1.04057576  0.70607423  0.35864447  1.55229612  1.31880587
  0.96320719  1.60844214  0.09685415  1.25336295  0.33749288  0.37994401
  0.32156102  0.98831772  0.764286    1.67404334  0.64083249  0.98954147
 -0.19244573  1.71805043  0.9247524  -0.21384843  1.13415013  0.27523109
  1.69490629  0.43892024  1.80885773  0.51292876  1.16092742  0.3571775
  0.75166497  0.8066059   0.47009506  2.04395969 -0.14932221  1.27269402
  1.8751071   1.39841879  1.41117502  0.46365043  1.29205107  1.79394032
  0.21764074  1.59926367  1.8072795   0.35781442  1.76251082  0.97430509
  1.08888952  1.04392093  1.41464293  1.41394796  1.97512868  2.0121788
 -0.13778187 -0.31830431  1.79556244  1.16055168  0.6466026   3.31569184
  0.63648645  1.35336727  0.37569307  1.82452584  0.4007847   1.04563595
  1.42739145  1.19039247  0.98686242  0.95099164 -0.07399338 -0.65135501
  1.34934668  1.53931692 -0.05938337  1.23791116  1.66830034  2.13356037
  1.30724525  1.38157578  1.93479206  1.30482546  0.42345264  0.57674089
  1.10549113  1.31023347  0.99910156  1.56158903  0.2648783   0.60243756
  1.83438394  0.95529032  0.21713232  1.1367074   0.84206907  1.67583853
  1.26593392  1.25230926  2.64397906  1.5544343   0.36850145  0.9223302
  0.60693559  0.95840376  1.14410489  0.48059904  1.17871928  2.44326966
  1.22564502  1.58699755  0.77585424  1.20357404  0.70733449  0.2695174
  1.17318875  0.4553686   0.44300386  1.14944519  1.13520058  1.69623046
  1.11905023  0.65513722  1.64209078  0.61642813  1.58882573  1.69457736
  1.41540545  1.37848153  0.66734004  0.63958451  1.27409625  2.71722651
  1.13569396  0.01881713  0.38501766  0.79313829  1.25814109  1.37449995
  0.07222271  1.97862338  0.70685482  0.97100214  1.87945894  1.12808228
  1.13851717  0.51187579  2.86188225  0.96260182  1.29148945  0.3883004
  0.19797867  0.79520049  0.68182913  0.63641811  0.43582889  0.85476322
  1.5931011   0.87962137  0.54614466  1.02276583  2.16912502  1.02092987
  1.32004828  0.65375107  1.39468627  1.27456898  0.06989657  1.20413093
  1.74862791  1.184139    0.1093209   0.76251442  1.35090666  2.21245252
  0.64529982  1.98647771  0.63336072  0.85006588  1.13021546  1.05445444
  1.38426809  0.8205765   1.89301     0.54975233  1.73925667 -0.16760807
  0.87415481  2.10826432  1.39776629  1.5289137   0.79858663  1.32981552
  1.20400901  2.46926862  1.5759627   1.27925173  0.61399015  0.5959693
  0.72576654  0.42597119  1.65908678  0.05672867  1.41940888  1.54894112
  0.4393011   1.62893997  0.64434248  0.01928506  1.02941156  0.42518879
  1.39088056  1.44586408  0.57570946  0.38794255  0.12004201  1.45671728
  0.37600448  1.89729569  1.23392266  1.72002244  0.77767406  1.39975516
  1.30994571  1.28316315  1.58462253  0.30043269  1.0731998   0.44092966
  1.00753658  1.62349307  0.38567341  0.90501276  1.04413581 -0.36571171
  3.00293914  1.37880926  0.90518837  0.77977185  0.93134613  2.48790639
  1.19778328  1.24244735  1.58867435  1.35821689  1.27012366  2.11941851
  0.86810583  1.28843324  1.22454095  1.28225169  0.9807605   1.3666712
  0.95585261  1.01507756  1.50684676  1.77712941  1.19024151  0.61276783
  0.21814391  2.24693838  1.46151442  1.15776443  1.49523324  0.89711228
  1.67870676  1.27315575  0.78611279  0.25335833  1.27104964 -0.57217016
  0.80938744  0.76980134  1.59284205  0.74369431  1.33163551  0.69253964
  1.06583264  1.51537393  0.91612771  0.78583865  0.81284416  1.87029451
  0.32104704  0.96066695  0.51876291  1.06108123  1.22758687  0.8366467
  2.32840185 -0.21350654  1.18511394  0.86449263  1.58513591  1.83223471
  0.45405966  0.48485862  1.28255675  0.83285596  1.82691287  0.91121089
  1.00643084  1.39401258  0.47870855  1.20216308  1.13089541  1.54899171
  1.16147379  1.31875789  0.6138456   1.77315186  0.85014274  1.66117068
  0.88711821  0.29309893 -0.08722713  1.44357909 -0.08208259  0.84705729
  1.27319522  0.28368394  0.66074218  1.23653811  1.82653682  1.54272777
  0.87655839  1.06736985  0.96188622  1.90765543  0.9373507   0.81651138
  1.42268272 -0.02643761  0.81395556  1.02221282  0.84560844  1.85241054
 -0.25294955  1.39895161  0.57453982  0.62455703  2.18490102  0.55117436
  1.52295618  2.0277073   0.57494843  0.10048975  0.53046475  1.3811498
  1.13296105  1.23062399  1.43833429  0.49406242  2.07603671  1.47201466
  0.39791687  1.03742392  2.320138    1.06449832  0.7576064   1.55078998
 -0.11894335  1.15353535  1.02719499  0.12811566  1.53669386  0.86995829
  1.96277764  1.90573326  1.0988422   1.15706244  0.05566415  0.20291004
  1.50380083 -0.28254508  1.4597725  -0.07803606  0.2120845   0.72015366
  1.11667985  0.86384579  2.02972604  2.58930224  1.86251471  0.91657707
  0.7307256   1.0418564   0.46883934  1.2745603   1.99730403  1.10405198
  1.43518701  0.92973938  0.99996426  0.88443773  0.92493884  1.69490307
  0.7262271   0.84525699  0.83790646  1.76111171  0.53364659  1.34060682
  0.46892789  1.06328088  1.26840918  0.86406891  0.84607872  0.86173856
  0.04408873  1.75756367  0.73728177  1.38948792  0.19632637  1.59776516
  0.26657034  1.38856554  1.18116389  0.78027291  1.12371209  1.08433797
  0.29259675  0.21071126  1.47626367  1.93937548  1.67590083 -0.199179
  0.18898242  2.22814945  1.35852888  1.52407051  0.68824067  2.62332072
  1.81965577  0.41880202  1.01868273  0.12625702  1.59809185  0.91596914
  2.27771833  1.52156505  1.97328454  1.44668865  0.16268982  0.51675544
 -0.22867     0.97081441  0.28664649  1.76054007  1.51502772  1.59468257
  1.43318904  1.04228528  0.31284394  2.09758182  0.59252954  0.01228338
  0.79283488  1.729815    1.02024252  0.78852767  1.98750044  1.83640471
  0.91995176  1.08631599  1.01000196  0.20008485  1.57338802  1.28425147
  0.88487812  0.74317966]
